<?xml version="1.0" encoding="UTF-8"?>
<!-- Generated by org.testng.reporters.JUnitReportReporter -->
<testsuite skipped="0" hostname="DESKTOP-3H06R2P" name="com.framework.design.Login" tests="2" failures="0" timestamp="22 Feb 2019 07:11:53 GMT" time="32.069" errors="0">
  <testcase name="login" time="14.241" classname="com.framework.design.Login"/>
  <testcase name="login" time="17.828" classname="com.framework.design.Login"/>
</testsuite> <!-- com.framework.design.Login -->
