<?xml version="1.0" encoding="UTF-8"?>
<!-- Generated by org.testng.reporters.JUnitReportReporter -->
<testsuite skipped="0" hostname="DESKTOP-3H06R2P" name="testcases.Login" tests="1" failures="0" timestamp="22 Feb 2019 10:20:47 GMT" time="18.454" errors="0">
  <testcase name="login" time="18.454" classname="testcases.Login"/>
</testsuite> <!-- testcases.Login -->
