<?xml version="1.0" encoding="UTF-8"?>
<!-- Generated by org.testng.reporters.JUnitReportReporter -->
<testsuite skipped="0" hostname="Jayashree-PC" name="com.framework.testcases.TC002_CreateLead" tests="1" failures="0" timestamp="24 Feb 2019 13:58:11 GMT" time="26.871" errors="0">
  <testcase name="createLeads" time="26.871" classname="com.framework.testcases.TC002_CreateLead"/>
</testsuite> <!-- com.framework.testcases.TC002_CreateLead -->
